frog/build/intermediates/manifest_merge_blame_file/debug/manifest-merger-blame-debug-report.txt
1<?xml version="1.0" encoding="utf-8"?>
2<manifest xmlns:android="http://schemas.android.com/apk/res/android"
3    package="kr.co.ky.kozoltime"
4    android:versionCode="1"
5    android:versionName="1.0" >
6
7    <uses-sdk
8        android:minSdkVersion="26"
8-->src/main/AndroidManifest.xml
9        android:targetSdkVersion="33" />
9-->src/main/AndroidManifest.xml
10
11    <uses-permission android:name="android.permission.INTERNET" />
11-->src/main/AndroidManifest.xml:6:5-67
11-->src/main/AndroidManifest.xml:6:22-64
12    <uses-permission android:name="android.permission.READ_EXTERNAL_STORAGE" />
12-->src/main/AndroidManifest.xml:7:5-80
12-->src/main/AndroidManifest.xml:7:22-77
13    <uses-permission android:name="android.permission.WRITE_EXTERNAL_STORAGE" />
13-->src/main/AndroidManifest.xml:8:5-81
13-->src/main/AndroidManifest.xml:8:22-78
14    <uses-permission android:name="android.permission.ACCESS_NETWORK_STATE" />
14-->[com.google.firebase:firebase-auth:21.1.0] AndroidManifest.xml:24:5-79
14-->[com.google.firebase:firebase-auth:21.1.0] AndroidManifest.xml:24:22-76
15
16    <application
16-->src/main/AndroidManifest.xml:10:5-48:19
17        android:allowBackup="true"
17-->src/main/AndroidManifest.xml:11:9-35
18        android:appComponentFactory="androidx.core.app.CoreComponentFactory"
18-->[androidx.core:core:1.5.0] AndroidManifest.xml:24:18-86
19        android:debuggable="true"
20        android:extractNativeLibs="false"
21        android:icon="@drawable/ic_add_a_photo"
21-->src/main/AndroidManifest.xml:12:9-48
22        android:label="@string/app_name"
22-->src/main/AndroidManifest.xml:13:9-41
23        android:roundIcon="@drawable/ic_arrow_back"
23-->src/main/AndroidManifest.xml:14:9-52
24        android:supportsRtl="true"
24-->src/main/AndroidManifest.xml:15:9-35
25        android:testOnly="true"
26        android:theme="@style/Theme.Kozoltime"
26-->src/main/AndroidManifest.xml:16:9-47
27        android:usesCleartextTraffic="true" >
27-->src/main/AndroidManifest.xml:17:9-44
28        <activity
28-->src/main/AndroidManifest.xml:18:9-20:40
29            android:name="kr.co.ky.detail.detailPage"
29-->src/main/AndroidManifest.xml:19:13-54
30            android:exported="false" />
30-->src/main/AndroidManifest.xml:20:13-37
31        <activity
31-->src/main/AndroidManifest.xml:21:9-23:40
32            android:name="kr.co.ky.nicknamePackage.NickNameActivity"
32-->src/main/AndroidManifest.xml:22:13-69
33            android:exported="false" />
33-->src/main/AndroidManifest.xml:23:13-37
34        <activity
34-->src/main/AndroidManifest.xml:24:9-26:40
35            android:name="kr.co.ky.login.LoginJoinActivity"
35-->src/main/AndroidManifest.xml:25:13-60
36            android:exported="false" />
36-->src/main/AndroidManifest.xml:26:13-37
37        <activity
37-->src/main/AndroidManifest.xml:27:9-29:40
38            android:name="kr.co.ky.community.CommunityWriteActivity"
38-->src/main/AndroidManifest.xml:28:13-69
39            android:exported="false" />
39-->src/main/AndroidManifest.xml:29:13-37
40        <activity
40-->src/main/AndroidManifest.xml:30:9-32:40
41            android:name="kr.co.ky.office.OfficeActivity"
41-->src/main/AndroidManifest.xml:31:13-58
42            android:exported="false" />
42-->src/main/AndroidManifest.xml:32:13-37
43        <activity
43-->src/main/AndroidManifest.xml:33:9-35:40
44            android:name="kr.co.ky.kozoltime.WriteActivity"
44-->src/main/AndroidManifest.xml:34:13-42
45            android:exported="false" />
45-->src/main/AndroidManifest.xml:35:13-37
46        <activity
46-->src/main/AndroidManifest.xml:36:9-44:20
47            android:name="kr.co.ky.login.SplashActivity"
47-->src/main/AndroidManifest.xml:37:13-57
48            android:exported="true" >
48-->src/main/AndroidManifest.xml:38:13-36
49            <intent-filter>
49-->src/main/AndroidManifest.xml:39:13-43:29
50                <action android:name="android.intent.action.MAIN" />
50-->src/main/AndroidManifest.xml:40:17-69
50-->src/main/AndroidManifest.xml:40:25-66
51
52                <category android:name="android.intent.category.LAUNCHER" />
52-->src/main/AndroidManifest.xml:42:17-77
52-->src/main/AndroidManifest.xml:42:27-74
53            </intent-filter>
54        </activity>
55        <activity
55-->src/main/AndroidManifest.xml:45:9-47:40
56            android:name="kr.co.ky.kozoltime.MainActivity"
56-->src/main/AndroidManifest.xml:46:13-41
57            android:exported="false" />
57-->src/main/AndroidManifest.xml:47:13-37
58
59        <service
59-->[com.google.firebase:firebase-storage-ktx:20.1.0] AndroidManifest.xml:11:9-17:19
60            android:name="com.google.firebase.components.ComponentDiscoveryService"
60-->[com.google.firebase:firebase-storage-ktx:20.1.0] AndroidManifest.xml:12:13-84
61            android:directBootAware="true"
61-->[com.google.firebase:firebase-common:20.2.0] AndroidManifest.xml:34:13-43
62            android:exported="false" >
62-->[com.google.firebase:firebase-storage-ktx:20.1.0] AndroidManifest.xml:13:13-37
63            <meta-data
63-->[com.google.firebase:firebase-storage-ktx:20.1.0] AndroidManifest.xml:14:13-16:85
64                android:name="com.google.firebase.components:com.google.firebase.storage.ktx.FirebaseStorageKtxRegistrar"
64-->[com.google.firebase:firebase-storage-ktx:20.1.0] AndroidManifest.xml:15:17-122
65                android:value="com.google.firebase.components.ComponentRegistrar" />
65-->[com.google.firebase:firebase-storage-ktx:20.1.0] AndroidManifest.xml:16:17-82
66            <meta-data
66-->[com.google.firebase:firebase-firestore-ktx:24.4.0] AndroidManifest.xml:14:13-16:85
67                android:name="com.google.firebase.components:com.google.firebase.firestore.ktx.FirebaseFirestoreKtxRegistrar"
67-->[com.google.firebase:firebase-firestore-ktx:24.4.0] AndroidManifest.xml:15:17-126
68                android:value="com.google.firebase.components.ComponentRegistrar" />
68-->[com.google.firebase:firebase-firestore-ktx:24.4.0] AndroidManifest.xml:16:17-82
69            <meta-data
69-->[com.google.firebase:firebase-common-ktx:20.2.0] AndroidManifest.xml:14:13-16:85
70                android:name="com.google.firebase.components:com.google.firebase.ktx.FirebaseCommonKtxRegistrar"
70-->[com.google.firebase:firebase-common-ktx:20.2.0] AndroidManifest.xml:15:17-113
71                android:value="com.google.firebase.components.ComponentRegistrar" />
71-->[com.google.firebase:firebase-common-ktx:20.2.0] AndroidManifest.xml:16:17-82
72            <meta-data
72-->[com.google.firebase:firebase-auth:21.1.0] AndroidManifest.xml:67:13-69:85
73                android:name="com.google.firebase.components:com.google.firebase.auth.FirebaseAuthRegistrar"
73-->[com.google.firebase:firebase-auth:21.1.0] AndroidManifest.xml:68:17-109
74                android:value="com.google.firebase.components.ComponentRegistrar" />
74-->[com.google.firebase:firebase-auth:21.1.0] AndroidManifest.xml:69:17-82
75            <meta-data
75-->[com.google.firebase:firebase-database:19.6.0] AndroidManifest.xml:32:13-34:85
76                android:name="com.google.firebase.components:com.google.firebase.database.DatabaseRegistrar"
76-->[com.google.firebase:firebase-database:19.6.0] AndroidManifest.xml:33:17-109
77                android:value="com.google.firebase.components.ComponentRegistrar" />
77-->[com.google.firebase:firebase-database:19.6.0] AndroidManifest.xml:34:17-82
78            <meta-data
78-->[com.google.firebase:firebase-storage:20.1.0] AndroidManifest.xml:32:13-34:85
79                android:name="com.google.firebase.components:com.google.firebase.storage.StorageRegistrar"
79-->[com.google.firebase:firebase-storage:20.1.0] AndroidManifest.xml:33:17-107
80                android:value="com.google.firebase.components.ComponentRegistrar" />
80-->[com.google.firebase:firebase-storage:20.1.0] AndroidManifest.xml:34:17-82
81            <meta-data
81-->[com.google.firebase:firebase-firestore:24.4.0] AndroidManifest.xml:19:13-21:85
82                android:name="com.google.firebase.components:com.google.firebase.firestore.FirestoreRegistrar"
82-->[com.google.firebase:firebase-firestore:24.4.0] AndroidManifest.xml:20:17-111
83                android:value="com.google.firebase.components.ComponentRegistrar" />
83-->[com.google.firebase:firebase-firestore:24.4.0] AndroidManifest.xml:21:17-82
84        </service>
85
86        <activity
86-->[com.google.firebase:firebase-auth:21.1.0] AndroidManifest.xml:27:9-44:20
87            android:name="com.google.firebase.auth.internal.GenericIdpActivity"
87-->[com.google.firebase:firebase-auth:21.1.0] AndroidManifest.xml:28:13-80
88            android:excludeFromRecents="true"
88-->[com.google.firebase:firebase-auth:21.1.0] AndroidManifest.xml:29:13-46
89            android:exported="true"
89-->[com.google.firebase:firebase-auth:21.1.0] AndroidManifest.xml:30:13-36
90            android:launchMode="singleTask"
90-->[com.google.firebase:firebase-auth:21.1.0] AndroidManifest.xml:31:13-44
91            android:theme="@android:style/Theme.Translucent.NoTitleBar" >
91-->[com.google.firebase:firebase-auth:21.1.0] AndroidManifest.xml:32:13-72
92            <intent-filter>
92-->[com.google.firebase:firebase-auth:21.1.0] AndroidManifest.xml:33:13-43:29
93                <action android:name="android.intent.action.VIEW" />
93-->[com.google.firebase:firebase-auth:21.1.0] AndroidManifest.xml:34:17-69
93-->[com.google.firebase:firebase-auth:21.1.0] AndroidManifest.xml:34:25-66
94
95                <category android:name="android.intent.category.DEFAULT" />
95-->[com.google.firebase:firebase-auth:21.1.0] AndroidManifest.xml:36:17-76
95-->[com.google.firebase:firebase-auth:21.1.0] AndroidManifest.xml:36:27-73
96                <category android:name="android.intent.category.BROWSABLE" />
96-->[com.google.firebase:firebase-auth:21.1.0] AndroidManifest.xml:37:17-78
96-->[com.google.firebase:firebase-auth:21.1.0] AndroidManifest.xml:37:27-75
97
98                <data
98-->[com.google.firebase:firebase-auth:21.1.0] AndroidManifest.xml:39:17-42:51
99                    android:host="firebase.auth"
99-->[com.google.firebase:firebase-auth:21.1.0] AndroidManifest.xml:40:21-49
100                    android:path="/"
100-->[com.google.firebase:firebase-auth:21.1.0] AndroidManifest.xml:41:21-37
101                    android:scheme="genericidp" />
101-->[com.google.firebase:firebase-auth:21.1.0] AndroidManifest.xml:42:21-48
102            </intent-filter>
103        </activity>
104        <activity
104-->[com.google.firebase:firebase-auth:21.1.0] AndroidManifest.xml:45:9-62:20
105            android:name="com.google.firebase.auth.internal.RecaptchaActivity"
105-->[com.google.firebase:firebase-auth:21.1.0] AndroidManifest.xml:46:13-79
106            android:excludeFromRecents="true"
106-->[com.google.firebase:firebase-auth:21.1.0] AndroidManifest.xml:47:13-46
107            android:exported="true"
107-->[com.google.firebase:firebase-auth:21.1.0] AndroidManifest.xml:48:13-36
108            android:launchMode="singleTask"
108-->[com.google.firebase:firebase-auth:21.1.0] AndroidManifest.xml:49:13-44
109            android:theme="@android:style/Theme.Translucent.NoTitleBar" >
109-->[com.google.firebase:firebase-auth:21.1.0] AndroidManifest.xml:50:13-72
110            <intent-filter>
110-->[com.google.firebase:firebase-auth:21.1.0] AndroidManifest.xml:51:13-61:29
111                <action android:name="android.intent.action.VIEW" />
111-->[com.google.firebase:firebase-auth:21.1.0] AndroidManifest.xml:34:17-69
111-->[com.google.firebase:firebase-auth:21.1.0] AndroidManifest.xml:34:25-66
112
113                <category android:name="android.intent.category.DEFAULT" />
113-->[com.google.firebase:firebase-auth:21.1.0] AndroidManifest.xml:36:17-76
113-->[com.google.firebase:firebase-auth:21.1.0] AndroidManifest.xml:36:27-73
114                <category android:name="android.intent.category.BROWSABLE" />
114-->[com.google.firebase:firebase-auth:21.1.0] AndroidManifest.xml:37:17-78
114-->[com.google.firebase:firebase-auth:21.1.0] AndroidManifest.xml:37:27-75
115
116                <data
116-->[com.google.firebase:firebase-auth:21.1.0] AndroidManifest.xml:39:17-42:51
117                    android:host="firebase.auth"
117-->[com.google.firebase:firebase-auth:21.1.0] AndroidManifest.xml:40:21-49
118                    android:path="/"
118-->[com.google.firebase:firebase-auth:21.1.0] AndroidManifest.xml:41:21-37
119                    android:scheme="recaptcha" />
119-->[com.google.firebase:firebase-auth:21.1.0] AndroidManifest.xml:42:21-48
120            </intent-filter>
121        </activity>
122        <activity
122-->[com.google.android.gms:play-services-auth:20.3.0] AndroidManifest.xml:23:9-27:75
123            android:name="com.google.android.gms.auth.api.signin.internal.SignInHubActivity"
123-->[com.google.android.gms:play-services-auth:20.3.0] AndroidManifest.xml:24:13-93
124            android:excludeFromRecents="true"
124-->[com.google.android.gms:play-services-auth:20.3.0] AndroidManifest.xml:25:13-46
125            android:exported="false"
125-->[com.google.android.gms:play-services-auth:20.3.0] AndroidManifest.xml:26:13-37
126            android:theme="@android:style/Theme.Translucent.NoTitleBar" />
126-->[com.google.android.gms:play-services-auth:20.3.0] AndroidManifest.xml:27:13-72
127        <!--
128            Service handling Google Sign-In user revocation. For apps that do not integrate with
129            Google Sign-In, this service will never be started.
130        -->
131        <service
131-->[com.google.android.gms:play-services-auth:20.3.0] AndroidManifest.xml:33:9-37:51
132            android:name="com.google.android.gms.auth.api.signin.RevocationBoundService"
132-->[com.google.android.gms:play-services-auth:20.3.0] AndroidManifest.xml:34:13-89
133            android:exported="true"
133-->[com.google.android.gms:play-services-auth:20.3.0] AndroidManifest.xml:35:13-36
134            android:permission="com.google.android.gms.auth.api.signin.permission.REVOCATION_NOTIFICATION"
134-->[com.google.android.gms:play-services-auth:20.3.0] AndroidManifest.xml:36:13-107
135            android:visibleToInstantApps="true" />
135-->[com.google.android.gms:play-services-auth:20.3.0] AndroidManifest.xml:37:13-48
136
137        <provider
137-->[com.google.firebase:firebase-common:20.2.0] AndroidManifest.xml:25:9-30:39
138            android:name="com.google.firebase.provider.FirebaseInitProvider"
138-->[com.google.firebase:firebase-common:20.2.0] AndroidManifest.xml:26:13-77
139            android:authorities="kr.co.ky.kozoltime.firebaseinitprovider"
139-->[com.google.firebase:firebase-common:20.2.0] AndroidManifest.xml:27:13-72
140            android:directBootAware="true"
140-->[com.google.firebase:firebase-common:20.2.0] AndroidManifest.xml:28:13-43
141            android:exported="false"
141-->[com.google.firebase:firebase-common:20.2.0] AndroidManifest.xml:29:13-37
142            android:initOrder="100" />
142-->[com.google.firebase:firebase-common:20.2.0] AndroidManifest.xml:30:13-36
143
144        <activity
144-->[com.google.android.gms:play-services-base:18.0.1] AndroidManifest.xml:20:9-22:45
145            android:name="com.google.android.gms.common.api.GoogleApiActivity"
145-->[com.google.android.gms:play-services-base:18.0.1] AndroidManifest.xml:20:19-85
146            android:exported="false"
146-->[com.google.android.gms:play-services-base:18.0.1] AndroidManifest.xml:22:19-43
147            android:theme="@android:style/Theme.Translucent.NoTitleBar" />
147-->[com.google.android.gms:play-services-base:18.0.1] AndroidManifest.xml:21:19-78
148
149        <meta-data
149-->[com.google.android.gms:play-services-basement:18.1.0] AndroidManifest.xml:21:9-23:69
150            android:name="com.google.android.gms.version"
150-->[com.google.android.gms:play-services-basement:18.1.0] AndroidManifest.xml:22:13-58
151            android:value="@integer/google_play_services_version" />
151-->[com.google.android.gms:play-services-basement:18.1.0] AndroidManifest.xml:23:13-66
152
153        <provider
153-->[androidx.lifecycle:lifecycle-process:2.0.0] AndroidManifest.xml:23:9-27:43
154            android:name="androidx.lifecycle.ProcessLifecycleOwnerInitializer"
154-->[androidx.lifecycle:lifecycle-process:2.0.0] AndroidManifest.xml:24:13-79
155            android:authorities="kr.co.ky.kozoltime.lifecycle-process"
155-->[androidx.lifecycle:lifecycle-process:2.0.0] AndroidManifest.xml:25:13-69
156            android:exported="false"
156-->[androidx.lifecycle:lifecycle-process:2.0.0] AndroidManifest.xml:26:13-37
157            android:multiprocess="true" />
157-->[androidx.lifecycle:lifecycle-process:2.0.0] AndroidManifest.xml:27:13-40
158    </application>
159
160</manifest>